<?xml version="1.0" encoding="UTF-8"?>
<!-- Generated by org.testng.reporters.JUnitReportReporter -->
<testsuite hostname="ojt15-PC" name="DriverFactory.AppTest" tests="1" failures="0" timestamp="12 Nov 2019 10:55:46 GMT" time="43.407" errors="0">
  <testcase name="kickStart" time="43.407" classname="DriverFactory.AppTest"/>
</testsuite> <!-- DriverFactory.AppTest -->
