<?xml version="1.0" encoding="UTF-8"?>
<!-- Generated by org.testng.reporters.JUnitReportReporter -->
<testsuite hostname="ojt15-PC" name="DriverFactory.DataDrivenFramework" tests="1" failures="0" timestamp="29 Oct 2019 13:33:22 GMT" time="70.598" errors="0">
  <testcase name="stock" time="70.598" classname="DriverFactory.DataDrivenFramework"/>
</testsuite> <!-- DriverFactory.DataDrivenFramework -->
