<?xml version="1.0" encoding="UTF-8"?>
<!-- Generated by org.testng.reporters.JUnitReportReporter -->
<testsuite hostname="ojt15-PC" name="DriverFactory.DriverScript" tests="1" failures="0" timestamp="11 Nov 2019 12:24:44 GMT" time="59.839" errors="0">
  <testcase name="startTest" time="59.839" classname="DriverFactory.DriverScript"/>
</testsuite> <!-- DriverFactory.DriverScript -->
